2021-03-23T15:46:58.401693+00:00 app[web.1]: PHP memory_limit is 128M Bytes
2021-03-23T15:46:58.423557+00:00 app[web.1]: Starting php-fpm with 4 workers...
2021-03-23T15:46:59.409156+00:00 app[web.1]: Starting httpd...
2021-03-23T15:47:00.475998+00:00 heroku[web.1]: State changed from starting to up
2021-03-23T15:47:54.408409+00:00 heroku[web.1]: Stopping all processes with SIGTERM
2021-03-23T15:47:56.600209+00:00 app[web.1]: Stopping httpd...
2021-03-23T15:47:56.610630+00:00 app[web.1]: SIGTERM received, attempting graceful shutdown...
2021-03-23T15:47:56.688141+00:00 app[web.1]: Stopping php-fpm...
2021-03-23T15:47:56.701960+00:00 app[web.1]: Stopping httpd gracefully...
2021-03-23T15:47:58.211221+00:00 app[web.1]: Shutdown complete.
2021-03-23T15:47:58.264544+00:00 heroku[web.1]: Process exited with status 143
2021-03-24T16:06:21.573214+00:00 heroku[web.1]: Cycling
2021-03-24T16:06:21.575859+00:00 heroku[web.1]: State changed from up to starting
2021-03-24T16:06:26.248017+00:00 heroku[web.1]: Starting process with command `vendor/bin/heroku-php-apache2 public/`
2021-03-24T16:06:27.242682+00:00 heroku[web.1]: Stopping all processes with SIGTERM
2021-03-24T16:06:27.342131+00:00 app[web.1]: Stopping php-fpm...
2021-03-24T16:06:27.342608+00:00 app[web.1]: Stopping httpd...
2021-03-24T16:06:27.342788+00:00 app[web.1]: SIGTERM received, attempting graceful shutdown...
2021-03-24T16:06:27.356174+00:00 app[web.1]: Stopping httpd gracefully...
2021-03-24T16:06:27.710585+00:00 app[web.1]: Shutdown complete.
2021-03-24T16:06:27.773817+00:00 heroku[web.1]: Process exited with status 143
2021-03-24T16:06:34.071592+00:00 app[web.1]: DOCUMENT_ROOT changed to 'public/'
2021-03-24T16:06:34.310104+00:00 app[web.1]: Detected 536870912 Bytes of RAM
2021-03-24T16:06:34.444893+00:00 app[web.1]: PHP memory_limit is 128M Bytes
2021-03-24T16:06:34.465536+00:00 app[web.1]: Starting php-fpm with 4 workers...
2021-03-24T16:06:34.853113+00:00 app[web.1]: Starting httpd...
2021-03-24T16:06:35.455807+00:00 heroku[web.1]: State changed from starting to up
2021-03-25T16:29:14.173256+00:00 heroku[web.1]: Cycling
2021-03-25T16:29:14.175637+00:00 heroku[web.1]: State changed from up to starting
2021-03-25T16:29:15.839613+00:00 heroku[web.1]: Stopping all processes with SIGTERM
2021-03-25T16:29:15.917483+00:00 app[web.1]: SIGTERM received, attempting graceful shutdown...
2021-03-25T16:29:15.917822+00:00 app[web.1]: Stopping php-fpm...
2021-03-25T16:29:15.919447+00:00 app[web.1]: Stopping httpd gracefully...
2021-03-25T16:29:15.922703+00:00 app[web.1]: Stopping httpd...
2021-03-25T16:29:16.019528+00:00 app[web.1]: Shutdown complete.
2021-03-25T16:29:16.108327+00:00 heroku[web.1]: Process exited with status 143
2021-03-25T16:29:18.976609+00:00 heroku[web.1]: Starting process with command `vendor/bin/heroku-php-apache2 public/`
2021-03-25T16:29:25.556260+00:00 app[web.1]: DOCUMENT_ROOT changed to 'public/'
2021-03-25T16:29:25.847274+00:00 app[web.1]: Detected 536870912 Bytes of RAM
2021-03-25T16:29:25.922124+00:00 app[web.1]: PHP memory_limit is 128M Bytes
2021-03-25T16:29:26.032198+00:00 app[web.1]: Starting php-fpm with 4 workers...
2021-03-25T16:29:26.622792+00:00 app[web.1]: Starting httpd...
2021-03-25T16:29:27.509590+00:00 heroku[web.1]: State changed from starting to up
2021-03-26T01:02:42.412506+00:00 app[api]: Attach NEW_RELIC (@ref:newrelic-elliptical-29452) by user fyamajima@gmail.com
2021-03-26T01:02:42.412506+00:00 app[api]: Running release v202 commands by user fyamajima@gmail.com
2021-03-26T01:02:42.426300+00:00 app[api]: Release v203 created by user fyamajima@gmail.com
2021-03-26T01:02:42.426300+00:00 app[api]: @ref:newrelic-elliptical-29452 completed provisioning, setting NEW_RELIC_LICENSE_KEY, NEW_RELIC_LOG. by user fyamajima@gmail.com
2021-03-26T01:02:42.603287+00:00 heroku[web.1]: Restarting
2021-03-26T01:02:42.619737+00:00 heroku[web.1]: State changed from up to starting
2021-03-26T01:02:43.916691+00:00 heroku[web.1]: Stopping all processes with SIGTERM
2021-03-26T01:02:44.011583+00:00 app[web.1]: Stopping httpd...
2021-03-26T01:02:44.012191+00:00 app[web.1]: SIGTERM received, attempting graceful shutdown...
2021-03-26T01:02:44.014273+00:00 app[web.1]: Stopping php-fpm...
2021-03-26T01:02:44.018623+00:00 app[web.1]: Stopping httpd gracefully...
2021-03-26T01:02:44.125469+00:00 app[web.1]: Stopping php-fpm gracefully...
2021-03-26T01:02:44.134207+00:00 app[web.1]: Shutdown complete.
2021-03-26T01:02:44.201799+00:00 heroku[web.1]: Process exited with status 143
2021-03-26T01:02:47.689487+00:00 heroku[web.1]: Starting process with command `vendor/bin/heroku-php-apache2 public/`
2021-03-26T01:02:54.098416+00:00 app[web.1]: DOCUMENT_ROOT changed to 'public/'
2021-03-26T01:02:54.335208+00:00 app[web.1]: Detected 536870912 Bytes of RAM
2021-03-26T01:02:54.420434+00:00 app[web.1]: PHP memory_limit is 128M Bytes
2021-03-26T01:02:54.458719+00:00 app[web.1]: Starting php-fpm with 4 workers...
2021-03-26T01:02:54.991246+00:00 app[web.1]: Starting httpd...
2021-03-26T01:02:55.319503+00:00 heroku[web.1]: State changed from starting to up
2021-03-26T01:05:47.422670+00:00 app[api]: Set NEW_RELIC_APP_NAME config vars by user fyamajima@gmail.com
2021-03-26T01:05:47.422670+00:00 app[api]: Release v204 created by user fyamajima@gmail.com
2021-03-26T01:05:47.607643+00:00 heroku[web.1]: Restarting
2021-03-26T01:05:47.662208+00:00 heroku[web.1]: State changed from up to starting
2021-03-26T01:05:49.211094+00:00 heroku[web.1]: Stopping all processes with SIGTERM
2021-03-26T01:05:49.336636+00:00 app[web.1]: SIGTERM received, attempting graceful shutdown...
2021-03-26T01:05:49.337515+00:00 app[web.1]: Stopping php-fpm...
2021-03-26T01:05:49.339992+00:00 app[web.1]: Stopping httpd...
2021-03-26T01:05:49.357533+00:00 app[web.1]: Shutdown complete.
2021-03-26T01:05:49.476061+00:00 heroku[web.1]: Process exited with status 143
2021-03-26T01:05:50.565811+00:00 heroku[web.1]: Starting process with command `vendor/bin/heroku-php-apache2 public/`
2021-03-26T01:05:54.149552+00:00 app[web.1]: DOCUMENT_ROOT changed to 'public/'
2021-03-26T01:05:54.227655+00:00 app[web.1]: Detected 536870912 Bytes of RAM
2021-03-26T01:05:54.264543+00:00 app[web.1]: PHP memory_limit is 128M Bytes
2021-03-26T01:05:54.276494+00:00 app[web.1]: Starting php-fpm with 4 workers...
2021-03-26T01:05:54.413496+00:00 app[web.1]: Starting httpd...
2021-03-26T01:05:54.922736+00:00 heroku[web.1]: State changed from starting to up
2021-03-26T01:06:58.000000+00:00 app[api]: Build started by user fyamajima@gmail.com
2021-03-26T01:07:15.000000+00:00 app[api]: Build succeeded
2021-03-26T01:07:15.005788+00:00 app[api]: Deploy 7169dd6c by user fyamajima@gmail.com
2021-03-26T01:07:15.005788+00:00 app[api]: Release v205 created by user fyamajima@gmail.com
2021-03-26T01:07:15.232047+00:00 heroku[web.1]: Restarting
2021-03-26T01:07:15.239271+00:00 heroku[web.1]: State changed from up to starting
2021-03-26T01:07:16.128516+00:00 heroku[web.1]: Stopping all processes with SIGTERM
2021-03-26T01:07:16.182096+00:00 app[web.1]: SIGTERM received, attempting graceful shutdown...
2021-03-26T01:07:16.182104+00:00 app[web.1]: Stopping php-fpm...
2021-03-26T01:07:16.182104+00:00 app[web.1]: Stopping httpd...
2021-03-26T01:07:16.191152+00:00 app[web.1]: Shutdown complete.
2021-03-26T01:07:16.241552+00:00 heroku[web.1]: Process exited with status 143
2021-03-26T01:07:18.420314+00:00 heroku[web.1]: Starting process with command `vendor/bin/heroku-php-apache2 public/`
2021-03-26T01:07:22.429864+00:00 app[web.1]: DOCUMENT_ROOT changed to 'public/'
2021-03-26T01:07:22.642681+00:00 app[web.1]: Detected 536870912 Bytes of RAM
2021-03-26T01:07:22.702449+00:00 app[web.1]: PHP memory_limit is 128M Bytes
2021-03-26T01:07:22.738729+00:00 app[web.1]: Starting php-fpm with 4 workers...
2021-03-26T01:07:22.935559+00:00 app[web.1]: Starting httpd...
2021-03-26T01:07:23.340022+00:00 heroku[web.1]: State changed from starting to up
